This file contains any messages produced by compilers while
running configure, to aid debugging if configure makes a mistake.

It was created by Fur_config configure version-0.2, which was
generated by GNU Autoconf 2.61.  Invocation command line was

  $ ./configure 

## --------- ##
## Platform. ##
## --------- ##

hostname = hubble
uname -m = x86_64
uname -r = 2.6.24-23-generic
uname -s = Linux
uname -v = #1 SMP Mon Jan 26 01:04:16 UTC 2009

/usr/bin/uname -p = unknown
/bin/uname -X     = unknown

/bin/arch              = unknown
/usr/bin/arch -k       = unknown
/usr/convex/getsysinfo = unknown
/usr/bin/hostinfo      = unknown
/bin/machine           = unknown
/usr/bin/oslevel       = unknown
/bin/universe          = unknown

PATH: /home/dimeo/bin
PATH: /usr/local/sbin
PATH: /usr/local/bin
PATH: /usr/sbin
PATH: /usr/bin
PATH: /sbin
PATH: /bin
PATH: /usr/games
PATH: /home/dimeo/bin


## ----------- ##
## Core tests. ##
## ----------- ##

configure:1735: checking for gcc
configure:1751: found /usr/bin/gcc
configure:1762: result: gcc
configure:2000: checking for C compiler version
configure:2007: gcc --version >&5
gcc (GCC) 4.2.4 (Ubuntu 4.2.4-1ubuntu3)
Copyright (C) 2007 Free Software Foundation, Inc.
This is free software; see the source for copying conditions.  There is NO
warranty; not even for MERCHANTABILITY or FITNESS FOR A PARTICULAR PURPOSE.

configure:2010: $? = 0
configure:2017: gcc -v >&5
Using built-in specs.
Target: x86_64-linux-gnu
Configured with: ../src/configure -v --enable-languages=c,c++,fortran,objc,obj-c++,treelang --prefix=/usr --enable-shared --with-system-zlib --libexecdir=/usr/lib --without-included-gettext --enable-threads=posix --enable-nls --with-gxx-include-dir=/usr/include/c++/4.2 --program-suffix=-4.2 --enable-clocale=gnu --enable-libstdcxx-debug --enable-objc-gc --enable-mpfr --enable-checking=release --build=x86_64-linux-gnu --host=x86_64-linux-gnu --target=x86_64-linux-gnu
Thread model: posix
gcc version 4.2.4 (Ubuntu 4.2.4-1ubuntu3)
configure:2020: $? = 0
configure:2027: gcc -V >&5
gcc: '-V' option must have argument
configure:2030: $? = 1
configure:2053: checking for C compiler default output file name
configure:2080: gcc -I/usr/local/synce/include/ -I/usr/local/synce/include/ -L/usr/local/synce/lib conftest.c  >&5
configure:2083: $? = 0
configure:2121: result: a.out
configure:2138: checking whether the C compiler works
configure:2148: ./a.out
configure:2151: $? = 0
configure:2168: result: yes
configure:2175: checking whether we are cross compiling
configure:2177: result: no
configure:2180: checking for suffix of executables
configure:2187: gcc -o conftest -I/usr/local/synce/include/ -I/usr/local/synce/include/ -L/usr/local/synce/lib conftest.c  >&5
configure:2190: $? = 0
configure:2214: result: 
configure:2220: checking for suffix of object files
configure:2246: gcc -c -I/usr/local/synce/include/ -I/usr/local/synce/include/ conftest.c >&5
configure:2249: $? = 0
configure:2272: result: o
configure:2276: checking whether we are using the GNU C compiler
configure:2305: gcc -c -I/usr/local/synce/include/ -I/usr/local/synce/include/ conftest.c >&5
configure:2311: $? = 0
configure:2328: result: yes
configure:2333: checking whether gcc accepts -g
configure:2363: gcc -c -g -I/usr/local/synce/include/ conftest.c >&5
configure:2369: $? = 0
configure:2468: result: yes
configure:2485: checking for gcc option to accept ISO C89
configure:2559: gcc  -c -I/usr/local/synce/include/ -I/usr/local/synce/include/ conftest.c >&5
configure:2565: $? = 0
configure:2588: result: none needed
configure:2617: checking for CeCreateFile in -lrapi
configure:2652: gcc -o conftest -I/usr/local/synce/include/ -I/usr/local/synce/include/ -L/usr/local/synce/lib conftest.c -lrapi   >&5
configure:2658: $? = 0
configure:2676: result: yes
configure:2689: checking for CeSetFilePointer in -lrapi
configure:2724: gcc -o conftest -I/usr/local/synce/include/ -I/usr/local/synce/include/ -L/usr/local/synce/lib -lrapi conftest.c -lrapi   >&5
configure:2730: $? = 0
configure:2748: result: yes
configure:2764: checking for wstr_from_ascii in -lsynce
configure:2799: gcc -o conftest -I/usr/local/synce/include/ -I/usr/local/synce/include/ -L/usr/local/synce/lib -lrapi conftest.c -lsynce  -lrapi  >&5
configure:2805: $? = 0
configure:2823: result: yes
configure:2839: checking how to run the C preprocessor
configure:2879: gcc -E -I/usr/local/synce/include/ conftest.c
configure:2885: $? = 0
configure:2916: gcc -E -I/usr/local/synce/include/ conftest.c
conftest.c:9:28: error: ac_nonexistent.h: No such file or directory
configure:2922: $? = 1
configure: failed program was:
| /* confdefs.h.  */
| #define PACKAGE_NAME "Fur_config"
| #define PACKAGE_TARNAME "fur_config"
| #define PACKAGE_VERSION "version-0.2"
| #define PACKAGE_STRING "Fur_config version-0.2"
| #define PACKAGE_BUGREPORT ""
| #define HAVE_LIBRAPI 1
| /* end confdefs.h.  */
| #include <ac_nonexistent.h>
configure:2955: result: gcc -E
configure:2984: gcc -E -I/usr/local/synce/include/ conftest.c
configure:2990: $? = 0
configure:3021: gcc -E -I/usr/local/synce/include/ conftest.c
conftest.c:9:28: error: ac_nonexistent.h: No such file or directory
configure:3027: $? = 1
configure: failed program was:
| /* confdefs.h.  */
| #define PACKAGE_NAME "Fur_config"
| #define PACKAGE_TARNAME "fur_config"
| #define PACKAGE_VERSION "version-0.2"
| #define PACKAGE_STRING "Fur_config version-0.2"
| #define PACKAGE_BUGREPORT ""
| #define HAVE_LIBRAPI 1
| /* end confdefs.h.  */
| #include <ac_nonexistent.h>
configure:3065: checking for grep that handles long lines and -e
configure:3139: result: /bin/grep
configure:3144: checking for egrep
configure:3222: result: /bin/grep -E
configure:3227: checking for ANSI C header files
configure:3257: gcc -c -I/usr/local/synce/include/ -I/usr/local/synce/include/ conftest.c >&5
configure:3263: $? = 0
configure:3362: gcc -o conftest -I/usr/local/synce/include/ -I/usr/local/synce/include/ -L/usr/local/synce/lib -lrapi -lsynce conftest.c -lrapi  >&5
configure:3365: $? = 0
configure:3371: ./conftest
configure:3374: $? = 0
configure:3391: result: yes
configure:3415: checking for sys/types.h
configure:3436: gcc -c -I/usr/local/synce/include/ -I/usr/local/synce/include/ conftest.c >&5
configure:3442: $? = 0
configure:3458: result: yes
configure:3415: checking for sys/stat.h
configure:3436: gcc -c -I/usr/local/synce/include/ -I/usr/local/synce/include/ conftest.c >&5
configure:3442: $? = 0
configure:3458: result: yes
configure:3415: checking for stdlib.h
configure:3436: gcc -c -I/usr/local/synce/include/ -I/usr/local/synce/include/ conftest.c >&5
configure:3442: $? = 0
configure:3458: result: yes
configure:3415: checking for string.h
configure:3436: gcc -c -I/usr/local/synce/include/ -I/usr/local/synce/include/ conftest.c >&5
configure:3442: $? = 0
configure:3458: result: yes
configure:3415: checking for memory.h
configure:3436: gcc -c -I/usr/local/synce/include/ -I/usr/local/synce/include/ conftest.c >&5
configure:3442: $? = 0
configure:3458: result: yes
configure:3415: checking for strings.h
configure:3436: gcc -c -I/usr/local/synce/include/ -I/usr/local/synce/include/ conftest.c >&5
configure:3442: $? = 0
configure:3458: result: yes
configure:3415: checking for inttypes.h
configure:3436: gcc -c -I/usr/local/synce/include/ -I/usr/local/synce/include/ conftest.c >&5
configure:3442: $? = 0
configure:3458: result: yes
configure:3415: checking for stdint.h
configure:3436: gcc -c -I/usr/local/synce/include/ -I/usr/local/synce/include/ conftest.c >&5
configure:3442: $? = 0
configure:3458: result: yes
configure:3415: checking for unistd.h
configure:3436: gcc -c -I/usr/local/synce/include/ -I/usr/local/synce/include/ conftest.c >&5
configure:3442: $? = 0
configure:3458: result: yes
configure:3486: checking rapi.h usability
configure:3503: gcc -c -I/usr/local/synce/include/ -I/usr/local/synce/include/ conftest.c >&5
configure:3509: $? = 0
configure:3523: result: yes
configure:3527: checking rapi.h presence
configure:3542: gcc -E -I/usr/local/synce/include/ conftest.c
configure:3548: $? = 0
configure:3562: result: yes
configure:3590: checking for rapi.h
configure:3598: result: yes
configure:3486: checking synce.h usability
configure:3503: gcc -c -I/usr/local/synce/include/ -I/usr/local/synce/include/ conftest.c >&5
configure:3509: $? = 0
configure:3523: result: yes
configure:3527: checking synce.h presence
configure:3542: gcc -E -I/usr/local/synce/include/ conftest.c
configure:3548: $? = 0
configure:3562: result: yes
configure:3590: checking for synce.h
configure:3598: result: yes
configure:3856: gcc flags will be -I/usr/local/synce/include/ -D_FILE_OFFSET_BITS=64 -I/usr/include/fuse   -D_FILE_OFFSET_BITS=64 -I/usr/include/fuse  
configure:3858: linker flags will be -L/usr/local/synce/lib -lrapi -lsynce -pthread -lfuse -lrt -ldl  
configure:3993: creating ./config.status

## ---------------------- ##
## Running config.status. ##
## ---------------------- ##

This file was extended by Fur_config config.status version-0.2, which was
generated by GNU Autoconf 2.61.  Invocation command line was

  CONFIG_FILES    = 
  CONFIG_HEADERS  = 
  CONFIG_LINKS    = 
  CONFIG_COMMANDS = 
  $ ./config.status 

on hubble

config.status:574: creating Makefile

## ---------------- ##
## Cache variables. ##
## ---------------- ##

ac_cv_c_compiler_gnu=yes
ac_cv_env_CC_set=
ac_cv_env_CC_value=
ac_cv_env_CFLAGS_set=set
ac_cv_env_CFLAGS_value=-I/usr/local/synce/include/
ac_cv_env_CPPFLAGS_set=set
ac_cv_env_CPPFLAGS_value=-I/usr/local/synce/include/
ac_cv_env_CPP_set=
ac_cv_env_CPP_value=
ac_cv_env_LDFLAGS_set=set
ac_cv_env_LDFLAGS_value=-L/usr/local/synce/lib
ac_cv_env_LIBS_set=
ac_cv_env_LIBS_value=
ac_cv_env_build_alias_set=
ac_cv_env_build_alias_value=
ac_cv_env_host_alias_set=
ac_cv_env_host_alias_value=
ac_cv_env_target_alias_set=
ac_cv_env_target_alias_value=
ac_cv_header_inttypes_h=yes
ac_cv_header_memory_h=yes
ac_cv_header_rapi_h=yes
ac_cv_header_stdc=yes
ac_cv_header_stdint_h=yes
ac_cv_header_stdlib_h=yes
ac_cv_header_string_h=yes
ac_cv_header_strings_h=yes
ac_cv_header_synce_h=yes
ac_cv_header_sys_stat_h=yes
ac_cv_header_sys_types_h=yes
ac_cv_header_unistd_h=yes
ac_cv_lib_rapi_CeCreateFile=yes
ac_cv_lib_rapi_CeSetFilePointer=yes
ac_cv_lib_synce_wstr_from_ascii=yes
ac_cv_objext=o
ac_cv_path_EGREP='/bin/grep -E'
ac_cv_path_GREP=/bin/grep
ac_cv_prog_CPP='gcc -E'
ac_cv_prog_ac_ct_CC=gcc
ac_cv_prog_cc_c89=
ac_cv_prog_cc_g=yes

## ----------------- ##
## Output variables. ##
## ----------------- ##

CC='gcc'
CFLAGS='-I/usr/local/synce/include/ -D_FILE_OFFSET_BITS=64 -I/usr/include/fuse   -D_FILE_OFFSET_BITS=64 -I/usr/include/fuse  '
CPP='gcc -E'
CPPFLAGS='-I/usr/local/synce/include/'
DEFS='-DPACKAGE_NAME=\"Fur_config\" -DPACKAGE_TARNAME=\"fur_config\" -DPACKAGE_VERSION=\"version-0.2\" -DPACKAGE_STRING=\"Fur_config\ version-0.2\" -DPACKAGE_BUGREPORT=\"\" -DHAVE_LIBRAPI=1 -DSTDC_HEADERS=1 -DHAVE_SYS_TYPES_H=1 -DHAVE_SYS_STAT_H=1 -DHAVE_STDLIB_H=1 -DHAVE_STRING_H=1 -DHAVE_MEMORY_H=1 -DHAVE_STRINGS_H=1 -DHAVE_INTTYPES_H=1 -DHAVE_STDINT_H=1 -DHAVE_UNISTD_H=1 -DHAVE_RAPI_H=1 -DHAVE_SYNCE_H=1'
ECHO_C=''
ECHO_N='-n'
ECHO_T=''
EGREP='/bin/grep -E'
EXEEXT=''
GREP='/bin/grep'
LDFLAGS='-L/usr/local/synce/lib -lrapi -lsynce -pthread -lfuse -lrt -ldl  '
LIBOBJS=''
LIBS='-lrapi '
LTLIBOBJS=''
OBJEXT='o'
PACKAGE_BUGREPORT=''
PACKAGE_NAME='Fur_config'
PACKAGE_STRING='Fur_config version-0.2'
PACKAGE_TARNAME='fur_config'
PACKAGE_VERSION='version-0.2'
PATH_SEPARATOR=':'
SHELL='/bin/bash'
ac_ct_CC='gcc'
bindir='${exec_prefix}/bin'
build_alias=''
datadir='${datarootdir}'
datarootdir='${prefix}/share'
docdir='${datarootdir}/doc/${PACKAGE_TARNAME}'
dvidir='${docdir}'
exec_prefix='${prefix}'
host_alias=''
htmldir='${docdir}'
includedir='${prefix}/include'
infodir='${datarootdir}/info'
libdir='${exec_prefix}/lib'
libexecdir='${exec_prefix}/libexec'
localedir='${datarootdir}/locale'
localstatedir='${prefix}/var'
mandir='${datarootdir}/man'
oldincludedir='/usr/include'
pdfdir='${docdir}'
prefix='/usr/local'
program_transform_name='s,x,x,'
psdir='${docdir}'
sbindir='${exec_prefix}/sbin'
sharedstatedir='${prefix}/com'
sysconfdir='${prefix}/etc'
target_alias=''

## ----------- ##
## confdefs.h. ##
## ----------- ##

#define PACKAGE_NAME "Fur_config"
#define PACKAGE_TARNAME "fur_config"
#define PACKAGE_VERSION "version-0.2"
#define PACKAGE_STRING "Fur_config version-0.2"
#define PACKAGE_BUGREPORT ""
#define HAVE_LIBRAPI 1
#define STDC_HEADERS 1
#define HAVE_SYS_TYPES_H 1
#define HAVE_SYS_STAT_H 1
#define HAVE_STDLIB_H 1
#define HAVE_STRING_H 1
#define HAVE_MEMORY_H 1
#define HAVE_STRINGS_H 1
#define HAVE_INTTYPES_H 1
#define HAVE_STDINT_H 1
#define HAVE_UNISTD_H 1
#define HAVE_RAPI_H 1
#define HAVE_SYNCE_H 1

configure: exit 0
